<?xml version="1.0" encoding="UTF-8"?>
<!-- Generated by org.testng.reporters.JUnitReportReporter -->
<testsuite hostname="DESKTOP-HRF3DE4" failures="0" tests="1" name="PrimerProyecto" time="4.321" errors="0" timestamp="2022-05-23T08:00:35 ART" skipped="0">
  <testcase classname="PrimerProyecto" name="ValidarBusquedaWikipedia" time="4.321"/>
  <system-out/>
</testsuite> <!-- PrimerProyecto -->
